  FelixFloresPaulJaime_Proyecto_Gpo#8.cpp
C:\Users\Henry\Desktop\ESCOMCU\MATERIAS FI\Computacion grafica\Laboratorio\Proyecto\FelixFloresPaulJaime_Proyecto_Gpo8\FelixFloresPaulJaime_Proyecto_Gpo8\FelixFloresPaulJaime_Proyecto_Gpo#8.cpp(489,24): warning C4244: 'inicializando': conversión de 'double' a 'GLfloat'; posible pérdida de datos
C:\Users\Henry\Desktop\ESCOMCU\MATERIAS FI\Computacion grafica\Laboratorio\Proyecto\FelixFloresPaulJaime_Proyecto_Gpo8\FelixFloresPaulJaime_Proyecto_Gpo8\FelixFloresPaulJaime_Proyecto_Gpo#8.cpp(1317,11): warning C4244: '=': conversión de 'double' a 'GLfloat'; posible pérdida de datos
C:\Users\Henry\Desktop\ESCOMCU\MATERIAS FI\Computacion grafica\Laboratorio\Proyecto\FelixFloresPaulJaime_Proyecto_Gpo8\FelixFloresPaulJaime_Proyecto_Gpo8\FelixFloresPaulJaime_Proyecto_Gpo#8.cpp(1318,11): warning C4244: '=': conversión de 'double' a 'GLfloat'; posible pérdida de datos
C:\Users\Henry\Desktop\ESCOMCU\MATERIAS FI\Computacion grafica\Laboratorio\Proyecto\FelixFloresPaulJaime_Proyecto_Gpo8\FelixFloresPaulJaime_Proyecto_Gpo8\FelixFloresPaulJaime_Proyecto_Gpo#8.cpp(1322,18): warning C4244: 'inicializando': conversión de 'double' a 'GLfloat'; posible pérdida de datos
C:\Users\Henry\Desktop\ESCOMCU\MATERIAS FI\Computacion grafica\Laboratorio\Proyecto\FelixFloresPaulJaime_Proyecto_Gpo8\FelixFloresPaulJaime_Proyecto_Gpo8\FelixFloresPaulJaime_Proyecto_Gpo#8.cpp(1323,18): warning C4244: 'inicializando': conversión de 'double' a 'GLfloat'; posible pérdida de datos
C:\Users\Henry\Desktop\ESCOMCU\MATERIAS FI\Computacion grafica\Laboratorio\Proyecto\FelixFloresPaulJaime_Proyecto_Gpo8\FelixFloresPaulJaime_Proyecto_Gpo8\FelixFloresPaulJaime_Proyecto_Gpo#8.cpp(1325,10): warning C4244: '=': conversión de 'double' a 'GLfloat'; posible pérdida de datos
C:\Users\Henry\Desktop\ESCOMCU\MATERIAS FI\Computacion grafica\Laboratorio\Proyecto\FelixFloresPaulJaime_Proyecto_Gpo8\FelixFloresPaulJaime_Proyecto_Gpo8\FelixFloresPaulJaime_Proyecto_Gpo#8.cpp(1326,10): warning C4244: '=': conversión de 'double' a 'GLfloat'; posible pérdida de datos
C:\Users\Henry\Desktop\ESCOMCU\MATERIAS FI\Computacion grafica\Laboratorio\Proyecto\FelixFloresPaulJaime_Proyecto_Gpo8\FelixFloresPaulJaime_Proyecto_Gpo8\FelixFloresPaulJaime_Proyecto_Gpo#8.cpp(1338,15): warning C4305: '+=': truncamiento de 'double' a 'float'
C:\Users\Henry\Desktop\ESCOMCU\MATERIAS FI\Computacion grafica\Laboratorio\Proyecto\FelixFloresPaulJaime_Proyecto_Gpo8\FelixFloresPaulJaime_Proyecto_Gpo8\FelixFloresPaulJaime_Proyecto_Gpo#8.cpp(1345,15): warning C4305: '-=': truncamiento de 'double' a 'float'
C:\Users\Henry\Desktop\ESCOMCU\MATERIAS FI\Computacion grafica\Laboratorio\Proyecto\FelixFloresPaulJaime_Proyecto_Gpo8\FelixFloresPaulJaime_Proyecto_Gpo8\FelixFloresPaulJaime_Proyecto_Gpo#8.cpp(1351,15): warning C4305: '+=': truncamiento de 'double' a 'float'
C:\Users\Henry\Desktop\ESCOMCU\MATERIAS FI\Computacion grafica\Laboratorio\Proyecto\FelixFloresPaulJaime_Proyecto_Gpo8\FelixFloresPaulJaime_Proyecto_Gpo8\FelixFloresPaulJaime_Proyecto_Gpo#8.cpp(1357,15): warning C4305: '-=': truncamiento de 'double' a 'float'
soil2-debug.lib(SOIL2.obj) : warning LNK4075: se omite '/EDITANDCONTINUE' debido a la especificación '/OPT:ICF'
LINK : warning LNK4098: la biblioteca predeterminada'MSVCRTD' entra en conflicto con otras bibliotecas; use la biblioteca /NODEFAULTLIB:biblioteca
  Generando código
  Previous IPDB not found, fall back to full compilation.
  All 647 functions were compiled because no usable IPDB/IOBJ from previous compilation was found.
  Generación de código finalizada
soil2-debug.lib(etc1_utils.obj) : warning LNK4099: no se encontró PDB 'soil2-debug.pdb' con 'soil2-debug.lib(etc1_utils.obj)' o en 'C:\Users\Henry\Desktop\ESCOMCU\MATERIAS FI\Computacion grafica\Laboratorio\Proyecto\FelixFloresPaulJaime_Proyecto_Gpo8\Release\soil2-debug.pdb'; se vinculará el objeto sin tener en cuenta información de depuración
soil2-debug.lib(image_DXT.obj) : warning LNK4099: no se encontró PDB 'soil2-debug.pdb' con 'soil2-debug.lib(image_DXT.obj)' o en 'C:\Users\Henry\Desktop\ESCOMCU\MATERIAS FI\Computacion grafica\Laboratorio\Proyecto\FelixFloresPaulJaime_Proyecto_Gpo8\Release\soil2-debug.pdb'; se vinculará el objeto sin tener en cuenta información de depuración
soil2-debug.lib(image_helper.obj) : warning LNK4099: no se encontró PDB 'soil2-debug.pdb' con 'soil2-debug.lib(image_helper.obj)' o en 'C:\Users\Henry\Desktop\ESCOMCU\MATERIAS FI\Computacion grafica\Laboratorio\Proyecto\FelixFloresPaulJaime_Proyecto_Gpo8\Release\soil2-debug.pdb'; se vinculará el objeto sin tener en cuenta información de depuración
soil2-debug.lib(SOIL2.obj) : warning LNK4099: no se encontró PDB 'soil2-debug.pdb' con 'soil2-debug.lib(SOIL2.obj)' o en 'C:\Users\Henry\Desktop\ESCOMCU\MATERIAS FI\Computacion grafica\Laboratorio\Proyecto\FelixFloresPaulJaime_Proyecto_Gpo8\Release\soil2-debug.pdb'; se vinculará el objeto sin tener en cuenta información de depuración
  FelixFloresPaulJaime_Proyecto_Gpo8.vcxproj -> C:\Users\Henry\Desktop\ESCOMCU\MATERIAS FI\Computacion grafica\Laboratorio\Proyecto\FelixFloresPaulJaime_Proyecto_Gpo8\Release\FelixFloresPaulJaime_Proyecto_Gpo8.exe
